/om/user/leokoz8/envs/rwmstsp/lib/python3.8/site-packages/pytorch_lightning/callbacks/model_checkpoint.py:446: UserWarning: Checkpoint directory _lightning_sandbox/checkpoints/ exists and is not empty.
  rank_zero_warn(f"Checkpoint directory {dirpath} exists and is not empty.")
GPU available: True, used: True
TPU available: False, using: 0 TPU cores
IPU available: False, using: 0 IPUs
/om/user/leokoz8/envs/rwmstsp/lib/python3.8/site-packages/pytorch_lightning/callbacks/model_checkpoint.py:446: UserWarning: Checkpoint directory _lightning_sandbox/checkpoints/ exists and is not empty.
  rank_zero_warn(f"Checkpoint directory {dirpath} exists and is not empty.")
initializing ddp: GLOBAL_RANK: 1, MEMBER: 2/8
/om/user/leokoz8/envs/rwmstsp/lib/python3.8/site-packages/pytorch_lightning/callbacks/model_checkpoint.py:446: UserWarning: Checkpoint directory _lightning_sandbox/checkpoints/ exists and is not empty.
  rank_zero_warn(f"Checkpoint directory {dirpath} exists and is not empty.")
initializing ddp: GLOBAL_RANK: 2, MEMBER: 3/8
/om/user/leokoz8/envs/rwmstsp/lib/python3.8/site-packages/pytorch_lightning/callbacks/model_checkpoint.py:446: UserWarning: Checkpoint directory _lightning_sandbox/checkpoints/ exists and is not empty.
  rank_zero_warn(f"Checkpoint directory {dirpath} exists and is not empty.")
initializing ddp: GLOBAL_RANK: 3, MEMBER: 4/8
/om/user/leokoz8/envs/rwmstsp/lib/python3.8/site-packages/pytorch_lightning/callbacks/model_checkpoint.py:446: UserWarning: Checkpoint directory _lightning_sandbox/checkpoints/ exists and is not empty.
  rank_zero_warn(f"Checkpoint directory {dirpath} exists and is not empty.")
initializing ddp: GLOBAL_RANK: 4, MEMBER: 5/8
/om/user/leokoz8/envs/rwmstsp/lib/python3.8/site-packages/pytorch_lightning/callbacks/model_checkpoint.py:446: UserWarning: Checkpoint directory _lightning_sandbox/checkpoints/ exists and is not empty.
  rank_zero_warn(f"Checkpoint directory {dirpath} exists and is not empty.")
initializing ddp: GLOBAL_RANK: 5, MEMBER: 6/8
/om/user/leokoz8/envs/rwmstsp/lib/python3.8/site-packages/pytorch_lightning/callbacks/model_checkpoint.py:446: UserWarning: Checkpoint directory _lightning_sandbox/checkpoints/ exists and is not empty.
  rank_zero_warn(f"Checkpoint directory {dirpath} exists and is not empty.")
initializing ddp: GLOBAL_RANK: 6, MEMBER: 7/8
/om/user/leokoz8/envs/rwmstsp/lib/python3.8/site-packages/pytorch_lightning/callbacks/model_checkpoint.py:446: UserWarning: Checkpoint directory _lightning_sandbox/checkpoints/ exists and is not empty.
  rank_zero_warn(f"Checkpoint directory {dirpath} exists and is not empty.")
initializing ddp: GLOBAL_RANK: 7, MEMBER: 8/8
initializing ddp: GLOBAL_RANK: 0, MEMBER: 1/8
----------------------------------------------------------------------------------------------------
distributed_backend=nccl
All DDP processes registered. Starting ddp with 8 processes
----------------------------------------------------------------------------------------------------

slurmstepd: error: *** JOB 23926291 ON node029 CANCELLED AT 2022-03-30T15:22:01 ***
